<?xml version="1.0" encoding="UTF-8"?>
<!-- Generated by org.testng.reporters.JUnitReportReporter -->
<testsuite skipped="0" hostname="Crossbows-MacBook-Pro.local" name="com.ecom.qa.testcases.LoginPageTest" tests="3" failures="0" timestamp="27 Jun 2018 20:34:55 GMT" time="29.162" errors="0">
  <testcase name="homePageLogin" time="10.441" classname="com.ecom.qa.testcases.LoginPageTest"/>
  <testcase name="homePageLogout" time="11.935" classname="com.ecom.qa.testcases.LoginPageTest"/>
  <testcase name="quickView" time="6.786" classname="com.ecom.qa.testcases.LoginPageTest"/>
</testsuite> <!-- com.ecom.qa.testcases.LoginPageTest -->
